==26997== Memcheck, a memory error detector
==26997== Copyright (C) 2002-2015, and GNU GPL'd, by Julian Seward et al.
==26997== Using Valgrind-3.11.0 and LibVEX; rerun with -h for copyright info
==26997== Command: ./a.out
==26997== Parent PID: 26993
==26997== 
==26997== 
==26997== Process terminating with default action of signal 27 (SIGPROF)
==26997==    at 0x573E59E: __open_nocancel (in /usr/lib64/libc-2.17.so)
==26997==    by 0x574ED10: write_gmon (in /usr/lib64/libc-2.17.so)
==26997==    by 0x574F419: _mcleanup (in /usr/lib64/libc-2.17.so)
==26997==    by 0x568DA68: __run_exit_handlers (in /usr/lib64/libc-2.17.so)
==26997==    by 0x568DAB4: exit (in /usr/lib64/libc-2.17.so)
==26997==    by 0x5676C0B: (below main) (in /usr/lib64/libc-2.17.so)
==26997== 
==26997== HEAP SUMMARY:
==26997==     in use at exit: 1,996 bytes in 1 blocks
==26997==   total heap usage: 1 allocs, 0 frees, 1,996 bytes allocated
==26997== 
==26997== LEAK SUMMARY:
==26997==    definitely lost: 0 bytes in 0 blocks
==26997==    indirectly lost: 0 bytes in 0 blocks
==26997==      possibly lost: 0 bytes in 0 blocks
==26997==    still reachable: 1,996 bytes in 1 blocks
==26997==         suppressed: 0 bytes in 0 blocks
==26997== Reachable blocks (those to which a pointer was found) are not shown.
==26997== To see them, rerun with: --leak-check=full --show-leak-kinds=all
==26997== 
==26997== For counts of detected and suppressed errors, rerun with: -v
==26997== ERROR SUMMARY: 0 errors from 0 contexts (suppressed: 0 from 0)
