==29568== Memcheck, a memory error detector
==29568== Copyright (C) 2002-2015, and GNU GPL'd, by Julian Seward et al.
==29568== Using Valgrind-3.11.0 and LibVEX; rerun with -h for copyright info
==29568== Command: ./a.out
==29568== Parent PID: 29563
==29568== 
==29568== 
==29568== Process terminating with default action of signal 27 (SIGPROF)
==29568==    at 0x573E59E: __open_nocancel (in /usr/lib64/libc-2.17.so)
==29568==    by 0x574ED10: write_gmon (in /usr/lib64/libc-2.17.so)
==29568==    by 0x574F419: _mcleanup (in /usr/lib64/libc-2.17.so)
==29568==    by 0x568DA68: __run_exit_handlers (in /usr/lib64/libc-2.17.so)
==29568==    by 0x568DAB4: exit (in /usr/lib64/libc-2.17.so)
==29568==    by 0x5676C0B: (below main) (in /usr/lib64/libc-2.17.so)
==29568== 
==29568== HEAP SUMMARY:
==29568==     in use at exit: 7,876 bytes in 1 blocks
==29568==   total heap usage: 5 allocs, 4 frees, 7,936 bytes allocated
==29568== 
==29568== LEAK SUMMARY:
==29568==    definitely lost: 0 bytes in 0 blocks
==29568==    indirectly lost: 0 bytes in 0 blocks
==29568==      possibly lost: 0 bytes in 0 blocks
==29568==    still reachable: 7,876 bytes in 1 blocks
==29568==         suppressed: 0 bytes in 0 blocks
==29568== Reachable blocks (those to which a pointer was found) are not shown.
==29568== To see them, rerun with: --leak-check=full --show-leak-kinds=all
==29568== 
==29568== For counts of detected and suppressed errors, rerun with: -v
==29568== ERROR SUMMARY: 0 errors from 0 contexts (suppressed: 0 from 0)
