==26024== Memcheck, a memory error detector
==26024== Copyright (C) 2002-2015, and GNU GPL'd, by Julian Seward et al.
==26024== Using Valgrind-3.11.0 and LibVEX; rerun with -h for copyright info
==26024== Command: ./a.out
==26024== Parent PID: 26020
==26024== 
==26024== 
==26024== Process terminating with default action of signal 27 (SIGPROF)
==26024==    at 0x573E59E: __open_nocancel (in /usr/lib64/libc-2.17.so)
==26024==    by 0x574ED10: write_gmon (in /usr/lib64/libc-2.17.so)
==26024==    by 0x574F419: _mcleanup (in /usr/lib64/libc-2.17.so)
==26024==    by 0x568DA68: __run_exit_handlers (in /usr/lib64/libc-2.17.so)
==26024==    by 0x568DAB4: exit (in /usr/lib64/libc-2.17.so)
==26024==    by 0x5676C0B: (below main) (in /usr/lib64/libc-2.17.so)
==26024== 
==26024== HEAP SUMMARY:
==26024==     in use at exit: 5,108 bytes in 1 blocks
==26024==   total heap usage: 7 allocs, 6 frees, 5,368 bytes allocated
==26024== 
==26024== LEAK SUMMARY:
==26024==    definitely lost: 0 bytes in 0 blocks
==26024==    indirectly lost: 0 bytes in 0 blocks
==26024==      possibly lost: 0 bytes in 0 blocks
==26024==    still reachable: 5,108 bytes in 1 blocks
==26024==         suppressed: 0 bytes in 0 blocks
==26024== Reachable blocks (those to which a pointer was found) are not shown.
==26024== To see them, rerun with: --leak-check=full --show-leak-kinds=all
==26024== 
==26024== For counts of detected and suppressed errors, rerun with: -v
==26024== ERROR SUMMARY: 0 errors from 0 contexts (suppressed: 0 from 0)
